<?xml version="1.0" encoding="UTF-8"?>
<!-- Generated by org.testng.reporters.JUnitReportReporter -->
<testsuite hostname="XCHNLQC1508" failures="0" tests="4" name="api.test.userTestcase" time="8.300" errors="0" timestamp="2023-09-10T19:15:25 IST" skipped="0">
  <testcase classname="api.test.userTestcase" name="createTestcase" time="3.160"/>
  <system-out/>
  <testcase classname="api.test.userTestcase" name="getUserByName" time="1.327"/>
  <system-out/>
  <testcase classname="api.test.userTestcase" name="updateUserTestCase" time="2.549"/>
  <system-out/>
  <testcase classname="api.test.userTestcase" name="deleteUserbyName" time="1.264"/>
  <system-out/>
</testsuite> <!-- api.test.userTestcase -->
