<?xml version="1.0" encoding="UTF-8"?>
<!-- Generated by org.testng.reporters.JUnitReportReporter -->
<testsuite hostname="XCHNLQC1508" failures="0" tests="4" name="api.test.userTestcase2" time="12.584" errors="0" timestamp="2023-09-10T18:57:30 IST" skipped="0">
  <testcase classname="api.test.userTestcase2" name="createTestcase" time="4.747"/>
  <system-out/>
  <testcase classname="api.test.userTestcase2" name="getUserByName" time="1.913"/>
  <system-out/>
  <testcase classname="api.test.userTestcase2" name="updateUserTestCase" time="3.811"/>
  <system-out/>
  <testcase classname="api.test.userTestcase2" name="deleteUserbyName" time="2.113"/>
  <system-out/>
</testsuite> <!-- api.test.userTestcase2 -->
