<?xml version="1.0" encoding="UTF-8"?>
<!-- Generated by org.testng.reporters.JUnitReportReporter -->
<testsuite hostname="XCHNLQC1508" failures="0" tests="4" name="api.test.userTestcase" time="8.049" errors="0" timestamp="2023-09-11T18:25:10 IST" skipped="0">
  <testcase classname="api.test.userTestcase" name="createTestcase" time="3.092"/>
  <system-out/>
  <testcase classname="api.test.userTestcase" name="getUserByName" time="1.243"/>
  <system-out/>
  <testcase classname="api.test.userTestcase" name="updateUserTestCase" time="2.412"/>
  <system-out/>
  <testcase classname="api.test.userTestcase" name="deleteUserbyName" time="1.302"/>
  <system-out/>
</testsuite> <!-- api.test.userTestcase -->
