<?xml version="1.0" encoding="UTF-8"?>
<!-- Generated by org.testng.reporters.JUnitReportReporter -->
<testsuite hostname="XCHNLQC1508" failures="0" tests="6" name="api.test.DDTest" time="13.749" errors="0" timestamp="2023-09-09T20:58:00 IST" skipped="0">
  <testcase classname="api.test.DDTest" name="tetsPostUser" time="1.443"/>
  <system-out/>
  <testcase classname="api.test.DDTest" name="tetsPostUser" time="1.382"/>
  <system-out/>
  <testcase classname="api.test.DDTest" name="tetsPostUser" time="6.536"/>
  <system-out/>
  <testcase classname="api.test.DDTest" name="tetsDeletUser" time="1.515"/>
  <system-out/>
  <testcase classname="api.test.DDTest" name="tetsDeletUser" time="1.402"/>
  <system-out/>
  <testcase classname="api.test.DDTest" name="tetsDeletUser" time="1.471"/>
  <system-out/>
</testsuite> <!-- api.test.DDTest -->
